2023-10-28 15:17:42,960 01 03 00 01 00 0A 94 0D  
2023-10-28 15:17:42,961 poll = 0x3C; cnt_pwm = 0 
2023-10-28 15:17:42,969 //------- S3 = 0x00000000; S4 = 0x00400000; S5 = 0x00000000; S6 = 0x00000000;  
2023-10-28 15:17:42,972 Rx_01000611   13 87 00 03 00 01 2D 31 
2023-10-28 15:17:42,977 Imi-ra1=0.3; Umi-ra1=499.90; Wh_H=01 Wh_L=2d31  
2023-10-28 15:17:42,987 Rx1_00000100   00 00 00 00 B3 01 64 00 
2023-10-28 15:17:42,994 01 03 14 00 00 00 00 00 00 00 00 00 00 00 00 00 00 00 00 10 00 05 00 A4 F7  / RefI_CCS_P1 = 0 A 
2023-10-28 15:17:42,997 poll = 0x3C; cnt_pwm = 0 
2023-10-28 15:17:43,001 //------- I3 = 0.2; I4 = 0.0; I5 = 0.0; I6 = 0.0;  
2023-10-28 15:17:43,006 Rx1_00000101   00 FF 3C 00 00 DC 00 00 
2023-10-28 15:17:43,008 Rx_01000621   00 00 00 03 00 01 85 3E 
2023-10-28 15:17:43,013 Imi-ra2=0.3; Umi-ra2=0.0; Wh_H=01 Wh_L=853e  
2023-10-28 15:17:43,018 Rx1_00000102   02 9A 01 00 00 C9 00 00 / RefI_CdM = 0 A 
2023-10-28 15:17:43,027 01 10 00 01 00 0E 1C 00 00 00 00 00 00 00 00 00 00 00 00 00 00 00 00 03 E8 00 C8 00 64 00 00 00 00 00 00 75 ED  
2023-10-28 15:17:43,032 poll = 0x3C; cnt_pwm = 0 
2023-10-28 15:17:43,037 //------- V3 = 499.8; V4 = 2.0; V5 = 0.0; V6 = 0.0;  
2023-10-28 15:17:43,040 Uout_cdm_gr1 = 499; RefU = 500 
2023-10-28 15:17:43,043 Tx1_00000108   01 F4 01 7D B3 01 00 00 
2023-10-28 15:17:43,047 Tx1_00000109   02 F3 01 00 00 24 FF 3C 
2023-10-28 15:17:43,051 Tx_0607F781   03 00 00 21 43 FA 00 00 
2023-10-28 15:17:43,053 Rx_01000631   00 00 00 03 00 03 8D E7 
2023-10-28 15:17:43,056 poll = 0x3C; cnt_pwm = 0 
2023-10-28 15:17:43,064 //------- S3 = 0x00000000; S4 = 0x00400000; S5 = 0x00000000; S6 = 0x00000000;  
2023-10-28 15:17:43,065 Imi-ra3=0.30; Umi-ra3=0.0 
2023-10-28 15:17:43,069 Rx_01000611   13 87 00 03 00 01 2D 31 
2023-10-28 15:17:43,072 Imi-ra1=0.3; Umi-ra1=499.90; Wh_H=01 Wh_L=2d31  
2023-10-28 15:17:43,079 01 03 00 0B 00 05 F4 0B  
2023-10-28 15:17:43,084 poll = 0x3C; cnt_pwm = 0 
2023-10-28 15:17:43,089 //------- I3 = 0.2; I4 = 0.0; I5 = 0.0; I6 = 0.0;  
2023-10-28 15:17:43,091 Rx1_00000100   00 00 00 00 B3 01 64 00 
2023-10-28 15:17:43,094 Rx_0100050A   00 
2023-10-28 15:17:43,097 Rx1_00000101   00 FF 3C 00 00 DC 00 00 
2023-10-28 15:17:43,100 Rx_01000621   00 00 00 03 00 01 85 3E 
2023-10-28 15:17:43,104 Imi-ra2=0.3; Umi-ra2=0.0; Wh_H=01 Wh_L=853e  
2023-10-28 15:17:43,109 Rx1_00000102   02 9A 01 00 00 C9 00 00 / RefI_CdM = 0 A 
2023-10-28 15:17:43,120 01 03 0A 00 00 00 00 00 00 00 00 0A 31 E3 C2  / EVCCID_P1 = 0000:0000:0000 / V_CCS_P1 = a / S_CCS_P1 = 31 
2023-10-28 15:17:43,121 poll = 0x3C; cnt_pwm = 0 
2023-10-28 15:17:43,125 //------- V3 = 499.8; V4 = 2.0; V5 = 0.0; V6 = 0.0;  
2023-10-28 15:17:43,133 Tx1_00000108   01 F4 01 7D B3 01 00 00 
2023-10-28 15:17:43,134 Tx_01000506   05 00 
2023-10-28 15:17:43,138 Tx1_00000109   02 F3 01 00 00 24 FF 3C 
2023-10-28 15:17:43,148 01 10 00 01 00 0E 1C 00 00 00 00 00 00 00 00 00 00 00 00 00 00 00 00 03 E8 00 C8 00 64 00 00 00 00 00 00 75 ED  
2023-10-28 15:17:43,150 poll = 0x3C; cnt_pwm = 0 
2023-10-28 15:17:43,158 //------- S3 = 0x00000000; S4 = 0x00400000; S5 = 0x00000000; S6 = 0x00000000;  
2023-10-28 15:17:43,162 Rx_01000501   00 60 43 02 02 64 64 B9   / bI=0x60 
2023-10-28 15:17:43,166 Rx_01000631   00 00 00 03 00 03 8D E7 
2023-10-28 15:17:43,168 Imi-ra3=0.30; Umi-ra3=0.0 
2023-10-28 15:17:43,171 Rx_01000611   13 87 00 03 00 01 2D 31 
2023-10-28 15:17:43,177 Imi-ra1=0.3; Umi-ra1=499.90; Wh_H=01 Wh_L=2d31  
2023-10-28 15:17:43,179 poll = 0x3C; cnt_pwm = 0 
2023-10-28 15:17:43,183 //------- I3 = 0.2; I4 = 0.0; I5 = 0.0; I6 = 0.0;  
2023-10-28 15:17:43,187 Rx1_00000100   00 00 00 00 B3 01 64 00 
2023-10-28 15:17:43,197 Rx_01000621   00 00 00 03 00 01 85 3E 
2023-10-28 15:17:43,200 Imi-ra2=0.3; Umi-ra2=0.0; Wh_H=01 Wh_L=853e  
2023-10-28 15:17:43,204 Rx1_00000101   00 FF 3C 00 00 DC 00 00 
2023-10-28 15:17:43,207 poll = 0x3C; cnt_pwm = 0 
2023-10-28 15:17:43,212 //------- V3 = 499.8; V4 = 2.0; V5 = 0.0; V6 = 0.0;  
2023-10-28 15:17:43,214 01 03 00 01 00 0A 94 0D  
2023-10-28 15:17:43,218 Rx1_00000102   02 9A 01 00 00 C9 00 00 / RefI_CdM = 0 A 
2023-10-28 15:17:43,233 Tx1_00000108   01 F4 01 7D B3 01 00 00 
2023-10-28 15:17:43,242 01 03 14 00 00 00 00 00 00 00 00 00 00 00 00 00 00 00 00 10 00 05 00 A4 F7  / RefI_CCS_P1 = 0 A 
2023-10-28 15:17:43,244 poll = 0x3C; cnt_pwm = 0 
2023-10-28 15:17:43,251 //------- S3 = 0x00000000; S4 = 0x00400000; S5 = 0x00000000; S6 = 0x00000000;  
2023-10-28 15:17:43,255 Tx1_00000109   02 F3 01 00 00 24 FF 3C 
2023-10-28 15:17:43,257 Rx_01000631   00 00 00 03 00 03 8D E7 
2023-10-28 15:17:43,260 Imi-ra3=0.30; Umi-ra3=0.0 
2023-10-28 15:17:43,264 Rx_01000611   13 87 00 03 00 01 2D 31 
2023-10-28 15:17:43,269 Imi-ra1=0.3; Umi-ra1=499.90; Wh_H=01 Wh_L=2d31  
2023-10-28 15:17:43,270 poll = 0x3C; cnt_pwm = 0 
2023-10-28 15:17:43,275 //------- I3 = 0.2; I4 = 0.0; I5 = 0.0; I6 = 0.0;  
2023-10-28 15:17:43,287 01 10 00 01 00 0E 1C 00 00 00 00 00 00 00 00 00 00 00 00 00 00 00 00 03 E8 00 C8 00 64 00 00 00 00 00 00 75 ED  
2023-10-28 15:17:43,290 Rx1_00000100   00 00 00 00 B3 01 64 00 
2023-10-28 15:17:43,294 Rx_01000621   00 00 00 03 00 01 85 3E 
2023-10-28 15:17:43,298 Imi-ra2=0.3; Umi-ra2=0.0; Wh_H=01 Wh_L=853e  
2023-10-28 15:17:43,300 poll = 0x3C; cnt_pwm = 0 
2023-10-28 15:17:43,307 //------- V3 = 499.9; V4 = 2.0; V5 = 0.0; V6 = 0.0;  
2023-10-28 15:17:43,310 Rx1_00000101   00 FF 3C 00 00 DC 00 00 
2023-10-28 15:17:43,312 Rx_0100050A   00 
2023-10-28 15:17:43,315 Rx1_00000102   02 9A 01 00 00 C9 00 00 / RefI_CdM = 0 A 
2023-10-28 15:17:43,325 01 03 00 0B 00 05 F4 0B  
2023-10-28 15:17:43,327 Tx_01000506   05 00 
2023-10-28 15:17:43,332 poll = 0x3C; cnt_pwm = 0 
2023-10-28 15:17:43,340 //------- S3 = 0x00000000; S4 = 0x00400000; S5 = 0x00000000; S6 = 0x00000000;  
2023-10-28 15:17:43,343 Tx1_00000108   01 F4 01 7D B3 01 00 00 
2023-10-28 15:17:43,347 Tx1_00000109   02 F3 01 00 00 24 FF 3C 
2023-10-28 15:17:43,350 Rx_01000631   00 00 00 03 00 03 8D E7 
2023-10-28 15:17:43,353 Imi-ra3=0.30; Umi-ra3=0.0 
2023-10-28 15:17:43,354 Rx_01000611   13 83 00 03 00 01 2D 31 
2023-10-28 15:17:43,360 Imi-ra1=0.3; Umi-ra1=499.50; Wh_H=01 Wh_L=2d31  
2023-10-28 15:17:43,362 poll = 0x3C; cnt_pwm = 0 
2023-10-28 15:17:43,367 //------- I3 = 0.2; I4 = 0.0; I5 = 0.0; I6 = 0.0;  
2023-10-28 15:17:43,375 01 03 0A 00 00 00 00 00 00 00 00 0A 31 E3 C2  / EVCCID_P1 = 0000:0000:0000 / V_CCS_P1 = a / S_CCS_P1 = 31 
2023-10-28 15:17:43,380 Rx_01000501   00 60 43 02 02 64 64 B9   / bI=0x60 
2023-10-28 15:17:43,393 01 10 00 01 00 0E 1C 00 00 00 00 00 00 00 00 00 00 00 00 00 00 00 00 03 E8 00 C8 00 64 00 00 00 00 00 00 75 ED  
2023-10-28 15:17:43,395 poll = 0x3C; cnt_pwm = 0 